Start testing: Aug 17 21:58 UTC
----------------------------------------------------------
1/7 Testing: evaluation
1/7 Test: evaluation
Command: "/tmp/claude-1000/-workspaces-blockudoku/91612a82-a0b0-4c7e-973b-25ae2a18aa38/scratchpad/wt/b-OFF/eval-test"
Directory: /tmp/claude-1000/-workspaces-blockudoku/91612a82-a0b0-4c7e-973b-25ae2a18aa38/scratchpad/wt/b-OFF
"evaluation" start time: Aug 17 21:58 UTC
Output:
----------------------------------------------------------
ok - evaluation weight mapping
ok - default evaluation weights
ok - scalar evaluation reference
ok - nonlinear crowding threshold
ok - evaluation cutoff
ok - evaluation vertical symmetry
6 tests passed
<end of output>
Test time =   8.37 sec
----------------------------------------------------------
Test Passed.
"evaluation" end time: Aug 17 21:58 UTC
"evaluation" time elapsed: 00:00:08
----------------------------------------------------------

2/7 Testing: bitboard
2/7 Test: bitboard
Command: "/tmp/claude-1000/-workspaces-blockudoku/91612a82-a0b0-4c7e-973b-25ae2a18aa38/scratchpad/wt/b-OFF/bitboard-test"
Directory: /tmp/claude-1000/-workspaces-blockudoku/91612a82-a0b0-4c7e-973b-25ae2a18aa38/scratchpad/wt/b-OFF
"bitboard" start time: Aug 17 21:58 UTC
Output:
----------------------------------------------------------
ok - empty and full
ok - row column cube
ok - shifts
ok - count and at
ok - least significant bit
ok - top down flip
ok - bitwise
7 tests passed
<end of output>
Test time =   0.01 sec
----------------------------------------------------------
Test Passed.
"bitboard" end time: Aug 17 21:58 UTC
"bitboard" time elapsed: 00:00:00
----------------------------------------------------------

3/7 Testing: placement
3/7 Test: placement
Command: "/tmp/claude-1000/-workspaces-blockudoku/91612a82-a0b0-4c7e-973b-25ae2a18aa38/scratchpad/wt/b-OFF/placement-test"
Directory: /tmp/claude-1000/-workspaces-blockudoku/91612a82-a0b0-4c7e-973b-25ae2a18aa38/scratchpad/wt/b-OFF
"placement" start time: Aug 17 21:58 UTC
Output:
----------------------------------------------------------
ok - testAllStandardPiecePlacements
ok - testRandomStandardPiecePlacements
ok - testGenericAndSentinelPieces
ok - testParallelLineClearCases
ok - testClearingStatesComeFirst
ok - testClearsFirstPlacements
6 tests passed
<end of output>
Test time =   0.24 sec
----------------------------------------------------------
Test Passed.
"placement" end time: Aug 17 21:58 UTC
"placement" time elapsed: 00:00:00
----------------------------------------------------------

4/7 Testing: search
4/7 Test: search
Command: "/tmp/claude-1000/-workspaces-blockudoku/91612a82-a0b0-4c7e-973b-25ae2a18aa38/scratchpad/wt/b-OFF/search-test"
Directory: /tmp/claude-1000/-workspaces-blockudoku/91612a82-a0b0-4c7e-973b-25ae2a18aa38/scratchpad/wt/b-OFF
"search" start time: Aug 17 21:58 UTC
Output:
----------------------------------------------------------
ok - search placements replay to its board
ok - two-piece clear detection
ok - held-piece counting
ok - ordering-sensitive searches
ok - blank and game-over searches
ok - random search against brute force
ok - search pruning on open boards
ok - search pruning where clears are available
8 tests passed
<end of output>
Test time =  53.12 sec
----------------------------------------------------------
Test Passed.
"search" end time: Aug 17 21:59 UTC
"search" time elapsed: 00:00:53
----------------------------------------------------------

5/7 Testing: probe-equivalence
5/7 Test: probe-equivalence
Command: "/tmp/claude-1000/-workspaces-blockudoku/91612a82-a0b0-4c7e-973b-25ae2a18aa38/scratchpad/wt/b-OFF/probe-test" "10000"
Directory: /tmp/claude-1000/-workspaces-blockudoku/91612a82-a0b0-4c7e-973b-25ae2a18aa38/scratchpad/wt/b-OFF
"probe-equivalence" start time: Aug 17 21:59 UTC
Output:
----------------------------------------------------------
checked 10000 real-play board/triple pairs: all equivalent
deep pairs (depth >= 1000): 0; death/near-death pairs: 0
<end of output>
Test time =  23.24 sec
----------------------------------------------------------
Test Passed.
"probe-equivalence" end time: Aug 17 21:59 UTC
"probe-equivalence" time elapsed: 00:00:23
----------------------------------------------------------

6/7 Testing: fitness-probe-rng
6/7 Test: fitness-probe-rng
Command: "/usr/bin/cmake" "-DFITNESS=/tmp/claude-1000/-workspaces-blockudoku/91612a82-a0b0-4c7e-973b-25ae2a18aa38/scratchpad/wt/b-OFF/fitness" "-P" "/tmp/claude-1000/-workspaces-blockudoku/91612a82-a0b0-4c7e-973b-25ae2a18aa38/scratchpad/wt/engine/cpp/fitness-probe-test.cmake"
Directory: /tmp/claude-1000/-workspaces-blockudoku/91612a82-a0b0-4c7e-973b-25ae2a18aa38/scratchpad/wt/b-OFF
"fitness-probe-rng" start time: Aug 17 21:59 UTC
Output:
----------------------------------------------------------
<end of output>
Test time =  96.72 sec
----------------------------------------------------------
Test Passed.
"fitness-probe-rng" end time: Aug 17 22:01 UTC
"fitness-probe-rng" time elapsed: 00:01:36
----------------------------------------------------------

7/7 Testing: golden
7/7 Test: golden
Command: "/tmp/claude-1000/-workspaces-blockudoku/91612a82-a0b0-4c7e-973b-25ae2a18aa38/scratchpad/wt/b-OFF/golden" "--file" "/tmp/claude-1000/-workspaces-blockudoku/91612a82-a0b0-4c7e-973b-25ae2a18aa38/scratchpad/wt/engine/cpp/../golden/golden.json"
Directory: /tmp/claude-1000/-workspaces-blockudoku/91612a82-a0b0-4c7e-973b-25ae2a18aa38/scratchpad/wt/b-OFF
"golden" start time: Aug 17 22:01 UTC
Output:
----------------------------------------------------------
Golden eval check: /tmp/claude-1000/-workspaces-blockudoku/91612a82-a0b0-4c7e-973b-25ae2a18aa38/scratchpad/wt/engine/cpp/../golden/golden.json
------------------------------------------------------------
diversify-and-set-up-combo       FAIL  A=264776   B=264776   delta=0       
combo-potential-1                PASS  A=215442   B=223464   delta=8022    
corner-gap-1                     PASS  A=208715   B=210224   delta=1509    
interfering-clears               PASS  A=246607   B=266227   delta=19620   
center-clear-easier              PASS  A=252723   B=255192   delta=2469    
aligned-on-cube-edge             PASS  A=213576   B=269818   delta=56242   
Diversify L shapes               PASS  A=303892   B=306754   delta=2862    
diversify-diags                  FAIL  A=345610   B=344794   delta=-816    
blocking-cube-clear              FAIL  A=229334   B=228613   delta=-721    
2x2-prefer-middle                FAIL  A=191736   B=173376   delta=-18360  
line-prefer-middle               FAIL  A=207265   B=174993   delta=-32272  
O-prefer-corner                  PASS  A=219938   B=244910   delta=24972   
mined-run-1                      FAIL  A=219018   B=214926   delta=-4092   
mined-rim-1                      FAIL  A=330266   B=322701   delta=-7565   
mined-rim-2                      FAIL  A=323293   B=313730   delta=-9563   
mined-rim-3                      FAIL  A=270084   B=237124   delta=-32960  
mined-rim-4                      FAIL  A=284461   B=251962   delta=-32499  
mined-shape-1                    FAIL  A=282910   B=275979   delta=-6931   
mined-rim-5                      FAIL  A=245357   B=207724   delta=-37633  
mined-rim-6                      FAIL  A=223309   B=187925   delta=-35384  
mined-rim-7                      FAIL  A=276669   B=232455   delta=-44214  
mined-rim-8                      FAIL  A=306417   B=284223   delta=-22194  
mined-rim-9                      FAIL  A=283644   B=234432   delta=-49212  
mined-rim-10                     FAIL  A=248749   B=233470   delta=-15279  
mined-rim-11                     FAIL  A=298076   B=267919   delta=-30157  
mined-run-2                      FAIL  A=274908   B=269372   delta=-5536   
mined-shape-2                    FAIL  A=288340   B=267369   delta=-20971  
mined-rim-12                     FAIL  A=231696   B=215742   delta=-15954  
mined-rim-13                     FAIL  A=300269   B=290065   delta=-10204  
mined-shape-3                    FAIL  A=251914   B=249603   delta=-2311   
mined-rim-14                     FAIL  A=214919   B=209282   delta=-5637   
mined-run-3                      FAIL  A=233447   B=209804   delta=-23643  
------------------------------------------------------------
Summary: 7/32 passed (21.9%)  25 FAIL
Note: some pairs do not pass current eval (expected per spec). Use --strict to fail CI.
<end of output>
Test time =   0.15 sec
----------------------------------------------------------
Test Passed.
"golden" end time: Aug 17 22:01 UTC
"golden" time elapsed: 00:00:00
----------------------------------------------------------

End testing: Aug 17 22:01 UTC
